[INFO] Scanning for projects...
[INFO] 
[INFO] ------------------------< com.example:homepage >------------------------
[INFO] Building homepage 0.0.1-SNAPSHOT
[INFO]   from pom.xml
[INFO] --------------------------------[ war ]---------------------------------
[INFO] 
[INFO] >>> spring-boot:3.0.13:run (default-cli) > test-compile @ homepage >>>
[INFO] 
[INFO] --- resources:3.3.1:resources (default-resources) @ homepage ---
[INFO] Copying 1 resource from src/main/resources to target/classes
[INFO] Copying 0 resource from src/main/resources to target/classes
[INFO] 
[INFO] --- compiler:3.13.0:compile (default-compile) @ homepage ---
[INFO] Nothing to compile - all classes are up to date.
[INFO] 
[INFO] --- resources:3.3.1:testResources (default-testResources) @ homepage ---
[INFO] skip non existing resourceDirectory /Users/refine/workspace/elect-site/src/test/resources
[INFO] 
[INFO] --- compiler:3.13.0:testCompile (default-testCompile) @ homepage ---
[INFO] Recompiling the module because of changed source code.
[INFO] Compiling 1 source file with javac [debug parameters target 17] to target/test-classes
[INFO] 
[INFO] <<< spring-boot:3.0.13:run (default-cli) < test-compile @ homepage <<<
[INFO] 
[INFO] 
[INFO] --- spring-boot:3.0.13:run (default-cli) @ homepage ---
[INFO] Attaching agents: []

  .   ____          _            __ _ _
 /\\ / ___'_ __ _ _(_)_ __  __ _ \ \ \ \
( ( )\___ | '_ | '_| | '_ \/ _` | \ \ \ \
 \\/  ___)| |_)| | | | | || (_| |  ) ) ) )
  '  |____| .__|_| |_|_| |_\__, | / / / /
 =========|_|==============|___/=/_/_/_/
 :: Spring Boot ::               (v3.0.13)

2026-02-09 10:42:53 - Starting HomepageApplication using Java 17.0.17 with PID 10137 (/Users/refine/workspace/elect-site/target/classes started by refine in /Users/refine/workspace/elect-site)
2026-02-09 10:42:53 - Running with Spring Boot v3.0.13, Spring v6.0.14
2026-02-09 10:42:53 - No active profile set, falling back to 1 default profile: "default"
2026-02-09 10:42:53 - Devtools property defaults active! Set 'spring.devtools.add-properties' to 'false' to disable
2026-02-09 10:42:53 - For additional web related logging consider setting the 'logging.level.web' property to 'DEBUG'
2026-02-09 10:42:53 - Bootstrapping Spring Data JPA repositories in DEFAULT mode.
2026-02-09 10:42:53 - Finished Spring Data repository scanning in 126 ms. Found 3 JPA repository interfaceinterfaces.
2026-02-09 10:42:54 - Tomcat initialized with port(s): 8080 (http)
2026-02-09 10:42:54 - Starting service [Tomcat]
2026-02-09 10:42:54 - Starting Servlet engine: [Apache Tomcat/10.1.16]
2026-02-09 10:42:55 - At least one JAR was scanned for TLDs yet contained no TLDs. Enable debug logging for this logger for a complete list of JARs that were scanned but no TLDs were found in them. Skipping unneeded JARs during scanning can improve startup time and JSP compilation time.
2026-02-09 10:42:55 - Initializing Spring embedded WebApplicationContext
2026-02-09 10:42:55 - Root WebApplicationContext: initialization completed in 1744 ms
2026-02-09 10:42:55 - HikariPool-1 - Starting...
2026-02-09 10:42:55 - HikariPool-1 - Added connection org.postgresql.jdbc.PgConnection@6c698c91
2026-02-09 10:42:55 - HikariPool-1 - Start completed.
2026-02-09 10:42:55 - H2 console available at '/h2-console'. Database available at 'jdbc:postgresql://localhost:5432/ev_subsidy'
2026-02-09 10:42:55 - HHH000204: Processing PersistenceUnitInfo [name: default]
2026-02-09 10:42:55 - HHH000412: Hibernate ORM core version 6.1.7.Final
2026-02-09 10:42:55 - HHH000400: Using dialect: org.hibernate.dialect.PostgreSQLDialect
2026-02-09 10:42:56 - HHH000490: Using JtaPlatform implementation: [org.hibernate.engine.transaction.jta.platform.internal.NoJtaPlatform]
2026-02-09 10:42:56 - Initialized JPA EntityManagerFactory for persistence unit 'default'
2026-02-09 10:42:56 - spring.jpa.open-in-view is enabled by default. Therefore, database queries may be performed during view rendering. Explicitly configure spring.jpa.open-in-view to disable this warning
2026-02-09 10:42:56 - Adding welcome page template: index
2026-02-09 10:42:56 - LiveReload server is running on port 35729
2026-02-09 10:42:57 - Tomcat started on port(s): 8080 (http) with context path ''
2026-02-09 10:42:57 - Started HomepageApplication in 4.098 seconds (process running for 4.787)
2026-02-09 10:43:30 - Initializing Spring DispatcherServlet 'dispatcherServlet'
2026-02-09 10:43:30 - Initializing Servlet 'dispatcherServlet'
2026-02-09 10:43:30 - Completed initialization in 0 ms
2026-02-09 10:43:41 - 지역 통계 조회: 서울 - 서울특별시
Hibernate: 
    select
        e1_0.id,
        e1_0.car_type,
        e1_0.corporation_announced,
        e1_0.corporation_delivered,
        e1_0.corporation_received,
        e1_0.crawl_date,
        e1_0.created_at,
        e1_0.data_type,
        e1_0.general_announced,
        e1_0.general_delivered,
        e1_0.general_received,
        e1_0.priority_announced,
        e1_0.priority_delivered,
        e1_0.priority_received,
        e1_0.region,
        e1_0.sido,
        e1_0.taxi_announced,
        e1_0.taxi_delivered,
        e1_0.taxi_received,
        e1_0.total_announced,
        e1_0.total_delivered,
        e1_0.total_received 
    from
        ev_subsidy e1_0 
    where
        e1_0.sido=? 
        and e1_0.region=? 
        and e1_0.data_type=? 
    order by
        e1_0.crawl_date asc
Hibernate: 
    select
        e1_0.id,
        e1_0.car_type,
        e1_0.corporation_announced,
        e1_0.corporation_delivered,
        e1_0.corporation_received,
        e1_0.crawl_date,
        e1_0.created_at,
        e1_0.data_type,
        e1_0.general_announced,
        e1_0.general_delivered,
        e1_0.general_received,
        e1_0.priority_announced,
        e1_0.priority_delivered,
        e1_0.priority_received,
        e1_0.region,
        e1_0.sido,
        e1_0.taxi_announced,
        e1_0.taxi_delivered,
        e1_0.taxi_received,
        e1_0.total_announced,
        e1_0.total_delivered,
        e1_0.total_received 
    from
        ev_subsidy e1_0 
    where
        e1_0.crawl_date=? 
        and e1_0.sido=? 
        and e1_0.region=? 
        and e1_0.data_type=?
2026-02-09 10:43:49 - 지역 통계 조회: 서울 - 서울특별시
Hibernate: 
    select
        e1_0.id,
        e1_0.car_type,
        e1_0.corporation_announced,
        e1_0.corporation_delivered,
        e1_0.corporation_received,
        e1_0.crawl_date,
        e1_0.created_at,
        e1_0.data_type,
        e1_0.general_announced,
        e1_0.general_delivered,
        e1_0.general_received,
        e1_0.priority_announced,
        e1_0.priority_delivered,
        e1_0.priority_received,
        e1_0.region,
        e1_0.sido,
        e1_0.taxi_announced,
        e1_0.taxi_delivered,
        e1_0.taxi_received,
        e1_0.total_announced,
        e1_0.total_delivered,
        e1_0.total_received 
    from
        ev_subsidy e1_0 
    where
        e1_0.sido=? 
        and e1_0.region=? 
        and e1_0.data_type=? 
    order by
        e1_0.crawl_date asc
Hibernate: 
    select
        e1_0.id,
        e1_0.car_type,
        e1_0.corporation_announced,
        e1_0.corporation_delivered,
        e1_0.corporation_received,
        e1_0.crawl_date,
        e1_0.created_at,
        e1_0.data_type,
        e1_0.general_announced,
        e1_0.general_delivered,
        e1_0.general_received,
        e1_0.priority_announced,
        e1_0.priority_delivered,
        e1_0.priority_received,
        e1_0.region,
        e1_0.sido,
        e1_0.taxi_announced,
        e1_0.taxi_delivered,
        e1_0.taxi_received,
        e1_0.total_announced,
        e1_0.total_delivered,
        e1_0.total_received 
    from
        ev_subsidy e1_0 
    where
        e1_0.crawl_date=? 
        and e1_0.sido=? 
        and e1_0.region=? 
        and e1_0.data_type=?
2026-02-09 10:44:42 - 대시보드 접속: 서울 - 서울특별시
2026-02-09 10:44:43 - 지역 통계 조회: 서울 - 서울특별시
Hibernate: 
    select
        e1_0.id,
        e1_0.car_type,
        e1_0.corporation_announced,
        e1_0.corporation_delivered,
        e1_0.corporation_received,
        e1_0.crawl_date,
        e1_0.created_at,
        e1_0.data_type,
        e1_0.general_announced,
        e1_0.general_delivered,
        e1_0.general_received,
        e1_0.priority_announced,
        e1_0.priority_delivered,
        e1_0.priority_received,
        e1_0.region,
        e1_0.sido,
        e1_0.taxi_announced,
        e1_0.taxi_delivered,
        e1_0.taxi_received,
        e1_0.total_announced,
        e1_0.total_delivered,
        e1_0.total_received 
    from
        ev_subsidy e1_0 
    where
        e1_0.sido=? 
        and e1_0.region=? 
        and e1_0.data_type=? 
    order by
        e1_0.crawl_date asc
Hibernate: 
    select
        e1_0.id,
        e1_0.car_type,
        e1_0.corporation_announced,
        e1_0.corporation_delivered,
        e1_0.corporation_received,
        e1_0.crawl_date,
        e1_0.created_at,
        e1_0.data_type,
        e1_0.general_announced,
        e1_0.general_delivered,
        e1_0.general_received,
        e1_0.priority_announced,
        e1_0.priority_delivered,
        e1_0.priority_received,
        e1_0.region,
        e1_0.sido,
        e1_0.taxi_announced,
        e1_0.taxi_delivered,
        e1_0.taxi_received,
        e1_0.total_announced,
        e1_0.total_delivered,
        e1_0.total_received 
    from
        ev_subsidy e1_0 
    where
        e1_0.crawl_date=? 
        and e1_0.sido=? 
        and e1_0.region=? 
        and e1_0.data_type=?
